{"contracts/MTERC20Token.sol":{"l":{"8":30},"path":"/Users/cys/Desktop/Project/Solidity/hardhat-test/contracts/MTERC20Token.sol","s":{"1":30},"b":{},"f":{"1":30},"fnMap":{"1":{"name":"constructor","line":7,"loc":{"start":{"line":7,"column":4},"end":{"line":9,"column":4}}}},"statementMap":{"1":{"start":{"line":8,"column":8},"end":{"line":8,"column":54}}},"branchMap":{}},"contracts/MTERC721Token.sol":{"l":{"23":5,"27":58,"28":60,"33":5,"37":56,"38":56,"39":55,"40":54,"41":53,"43":52,"44":52,"45":10002,"50":20009,"54":0,"58":3,"62":7,"66":1,"70":1,"71":1,"72":1,"73":5,"78":6,"82":2005,"83":2005,"84":2004,"85":2004,"86":2003,"88":2002,"89":10002,"94":1,"95":1},"path":"/Users/cys/Desktop/Project/Solidity/hardhat-test/contracts/MTERC721Token.sol","s":{"1":5,"2":58,"3":60,"4":5,"5":56,"6":56,"7":55,"8":54,"9":53,"10":52,"11":52,"12":10002,"13":20009,"14":0,"15":3,"16":7,"17":1,"18":1,"19":1,"20":1,"21":5,"22":6,"23":2005,"24":2005,"25":2004,"26":2004,"27":2003,"28":2002,"29":10002,"30":1,"31":1},"b":{"1":[55,1],"2":[54,1],"3":[53,1],"4":[52,1],"5":[2004,1],"6":[2004,0],"7":[2003,1],"8":[2002,1]},"f":{"1":72,"2":5,"3":58,"4":5,"5":56,"6":20009,"7":0,"8":3,"9":7,"10":1,"11":1,"12":6,"13":2005,"14":1},"fnMap":{"1":{"name":"constructor","line":19,"loc":{"start":{"line":19,"column":4},"end":{"line":20,"column":4}}},"2":{"name":"setIsAllowListActive","line":22,"loc":{"start":{"line":22,"column":4},"end":{"line":24,"column":4}}},"3":{"name":"setAllowList","line":26,"loc":{"start":{"line":26,"column":4},"end":{"line":30,"column":4}}},"4":{"name":"numAvailableToMint","line":32,"loc":{"start":{"line":32,"column":4},"end":{"line":34,"column":4}}},"5":{"name":"mintAllowList","line":36,"loc":{"start":{"line":36,"column":4},"end":{"line":47,"column":4}}},"6":{"name":"_beforeTokenTransfer","line":49,"loc":{"start":{"line":49,"column":4},"end":{"line":51,"column":4}}},"7":{"name":"supportsInterface","line":53,"loc":{"start":{"line":53,"column":4},"end":{"line":55,"column":4}}},"8":{"name":"setBaseURI","line":57,"loc":{"start":{"line":57,"column":4},"end":{"line":59,"column":4}}},"9":{"name":"_baseURI","line":61,"loc":{"start":{"line":61,"column":4},"end":{"line":63,"column":4}}},"10":{"name":"setProvenance","line":65,"loc":{"start":{"line":65,"column":4},"end":{"line":67,"column":4}}},"11":{"name":"reserve","line":69,"loc":{"start":{"line":69,"column":4},"end":{"line":75,"column":4}}},"12":{"name":"setSaleState","line":77,"loc":{"start":{"line":77,"column":4},"end":{"line":79,"column":4}}},"13":{"name":"mint","line":81,"loc":{"start":{"line":81,"column":4},"end":{"line":91,"column":4}}},"14":{"name":"withdraw","line":93,"loc":{"start":{"line":93,"column":4},"end":{"line":96,"column":4}}}},"statementMap":{"1":{"start":{"line":23,"column":8},"end":{"line":23,"column":45}},"2":{"start":{"line":27,"column":8},"end":{"line":27,"column":946}},"3":{"start":{"line":28,"column":12},"end":{"line":28,"column":54}},"4":{"start":{"line":33,"column":8},"end":{"line":33,"column":31}},"5":{"start":{"line":37,"column":8},"end":{"line":37,"column":34}},"6":{"start":{"line":38,"column":8},"end":{"line":38,"column":61}},"7":{"start":{"line":39,"column":8},"end":{"line":39,"column":94}},"8":{"start":{"line":40,"column":8},"end":{"line":40,"column":85}},"9":{"start":{"line":41,"column":8},"end":{"line":41,"column":96}},"10":{"start":{"line":43,"column":8},"end":{"line":43,"column":47}},"11":{"start":{"line":44,"column":8},"end":{"line":44,"column":1698}},"12":{"start":{"line":45,"column":12},"end":{"line":45,"column":40}},"13":{"start":{"line":50,"column":8},"end":{"line":50,"column":52}},"14":{"start":{"line":54,"column":8},"end":{"line":54,"column":51}},"15":{"start":{"line":58,"column":8},"end":{"line":58,"column":34}},"16":{"start":{"line":62,"column":8},"end":{"line":62,"column":31}},"17":{"start":{"line":66,"column":8},"end":{"line":66,"column":30}},"18":{"start":{"line":70,"column":6},"end":{"line":70,"column":33}},"19":{"start":{"line":71,"column":6},"end":{"line":71,"column":12}},"20":{"start":{"line":72,"column":6},"end":{"line":72,"column":2625}},"21":{"start":{"line":73,"column":10},"end":{"line":73,"column":42}},"22":{"start":{"line":78,"column":8},"end":{"line":78,"column":30}},"23":{"start":{"line":82,"column":8},"end":{"line":82,"column":34}},"24":{"start":{"line":83,"column":8},"end":{"line":83,"column":66}},"25":{"start":{"line":84,"column":8},"end":{"line":84,"column":80}},"26":{"start":{"line":85,"column":8},"end":{"line":85,"column":85}},"27":{"start":{"line":86,"column":8},"end":{"line":86,"column":96}},"28":{"start":{"line":88,"column":8},"end":{"line":88,"column":3253}},"29":{"start":{"line":89,"column":12},"end":{"line":89,"column":40}},"30":{"start":{"line":94,"column":8},"end":{"line":94,"column":44}},"31":{"start":{"line":95,"column":8},"end":{"line":95,"column":44}}},"branchMap":{"1":{"line":38,"type":"if","locations":[{"start":{"line":38,"column":8},"end":{"line":38,"column":8}},{"start":{"line":38,"column":8},"end":{"line":38,"column":8}}]},"2":{"line":39,"type":"if","locations":[{"start":{"line":39,"column":8},"end":{"line":39,"column":8}},{"start":{"line":39,"column":8},"end":{"line":39,"column":8}}]},"3":{"line":40,"type":"if","locations":[{"start":{"line":40,"column":8},"end":{"line":40,"column":8}},{"start":{"line":40,"column":8},"end":{"line":40,"column":8}}]},"4":{"line":41,"type":"if","locations":[{"start":{"line":41,"column":8},"end":{"line":41,"column":8}},{"start":{"line":41,"column":8},"end":{"line":41,"column":8}}]},"5":{"line":83,"type":"if","locations":[{"start":{"line":83,"column":8},"end":{"line":83,"column":8}},{"start":{"line":83,"column":8},"end":{"line":83,"column":8}}]},"6":{"line":84,"type":"if","locations":[{"start":{"line":84,"column":8},"end":{"line":84,"column":8}},{"start":{"line":84,"column":8},"end":{"line":84,"column":8}}]},"7":{"line":85,"type":"if","locations":[{"start":{"line":85,"column":8},"end":{"line":85,"column":8}},{"start":{"line":85,"column":8},"end":{"line":85,"column":8}}]},"8":{"line":86,"type":"if","locations":[{"start":{"line":86,"column":8},"end":{"line":86,"column":8}},{"start":{"line":86,"column":8},"end":{"line":86,"column":8}}]}}}}