TN:
SF:/Users/cys/Desktop/Project/Solidity/hardhat-test/contracts/MTERC20Token.sol
FN:7,constructor
FNF:1
FNH:1
FNDA:30,constructor
DA:8,30
LF:1
LH:1
BRF:0
BRH:0
end_of_record
TN:
SF:/Users/cys/Desktop/Project/Solidity/hardhat-test/contracts/MTERC721Token.sol
FN:19,constructor
FN:22,setIsAllowListActive
FN:26,setAllowList
FN:32,numAvailableToMint
FN:36,mintAllowList
FN:49,_beforeTokenTransfer
FN:53,supportsInterface
FN:57,setBaseURI
FN:61,_baseURI
FN:65,setProvenance
FN:69,reserve
FN:77,setSaleState
FN:81,mint
FN:93,withdraw
FNF:14
FNH:13
FNDA:72,constructor
FNDA:5,setIsAllowListActive
FNDA:58,setAllowList
FNDA:5,numAvailableToMint
FNDA:56,mintAllowList
FNDA:20009,_beforeTokenTransfer
FNDA:0,supportsInterface
FNDA:3,setBaseURI
FNDA:7,_baseURI
FNDA:1,setProvenance
FNDA:1,reserve
FNDA:6,setSaleState
FNDA:2005,mint
FNDA:1,withdraw
DA:23,5
DA:27,58
DA:28,60
DA:33,5
DA:37,56
DA:38,56
DA:39,55
DA:40,54
DA:41,53
DA:43,52
DA:44,52
DA:45,10002
DA:50,20009
DA:54,0
DA:58,3
DA:62,7
DA:66,1
DA:70,1
DA:71,1
DA:72,1
DA:73,5
DA:78,6
DA:82,2005
DA:83,2005
DA:84,2004
DA:85,2004
DA:86,2003
DA:88,2002
DA:89,10002
DA:94,1
DA:95,1
LF:31
LH:30
BRDA:38,1,0,55
BRDA:38,1,1,1
BRDA:39,2,0,54
BRDA:39,2,1,1
BRDA:40,3,0,53
BRDA:40,3,1,1
BRDA:41,4,0,52
BRDA:41,4,1,1
BRDA:83,5,0,2004
BRDA:83,5,1,1
BRDA:84,6,0,2004
BRDA:84,6,1,0
BRDA:85,7,0,2003
BRDA:85,7,1,1
BRDA:86,8,0,2002
BRDA:86,8,1,1
BRF:16
BRH:15
end_of_record
